Using pre-set license
Built from '2020.3/staging' branch; Version is '2020.3.11f1 (99c7afb366b3) revision 10078127'; Using compiler version '192528614'; Build Type 'Release'
OS: 'Windows 10 Education; OS build 19043.1348; Version 2009; 64bit' Language: 'pt' Physical Memory: 6075 MB
BatchMode: 1, IsHumanControllingUs: 0, StartBugReporterOnCrash: 0, Is64bit: 1, IsPro: 0

 COMMAND LINE ARGUMENTS:
C:\Program Files\Unity\Hub\Editor\2020.3.11f1\Editor\Unity.exe
-adb2
-batchMode
-noUpm
-name
AssetImportWorker2
-projectPath
C:/Users/enzos/Unity Projects/roller-madness/RollerMadness
-logFile
Logs/AssetImportWorker2.log
-srvPort
61351
Successfully changed project path to: C:/Users/enzos/Unity Projects/roller-madness/RollerMadness
C:/Users/enzos/Unity Projects/roller-madness/RollerMadness
Using Asset Import Pipeline V2.
Refreshing native plugins compatible for Editor in 49.63 ms, found 2 plugins.
Preloading 0 native plugins for Editor in 0.00 ms.
Initialize engine version: 2020.3.11f1 (99c7afb366b3)
[Subsystems] Discovering subsystems at path C:/Program Files/Unity/Hub/Editor/2020.3.11f1/Editor/Data/Resources/UnitySubsystems
[Subsystems] Discovering subsystems at path C:/Users/enzos/Unity Projects/roller-madness/RollerMadness/Assets
GfxDevice: creating device client; threaded=0
Direct3D:
    Version:  Direct3D 11.0 [level 11.1]
    Renderer: AMD Radeon(TM) Vega 8 Graphics (ID=0x15d8)
    Vendor:   
    VRAM:     3037 MB
    Driver:   30.0.13014.8
Initialize mono
Mono path[0] = 'C:/Program Files/Unity/Hub/Editor/2020.3.11f1/Editor/Data/Managed'
Mono path[1] = 'C:/Program Files/Unity/Hub/Editor/2020.3.11f1/Editor/Data/MonoBleedingEdge/lib/mono/unityjit'
Mono config path = 'C:/Program Files/Unity/Hub/Editor/2020.3.11f1/Editor/Data/MonoBleedingEdge/etc'
Using monoOptions --debugger-agent=transport=dt_socket,embedding=1,server=y,suspend=n,address=127.0.0.1:56952
Begin MonoManager ReloadAssembly
Registering precompiled unity dll's ...
Register platform support module: C:/Program Files/Unity/Hub/Editor/2020.3.11f1/Editor/Data/PlaybackEngines/WebGLSupport/UnityEditor.WebGL.Extensions.dll
Register platform support module: C:/Program Files/Unity/Hub/Editor/2020.3.11f1/Editor/Data/PlaybackEngines/WindowsStandaloneSupport/UnityEditor.WindowsStandalone.Extensions.dll
Registered in 0.004063 seconds.
Native extension for WindowsStandalone target not found
Native extension for WebGL target not found
Refreshing native plugins compatible for Editor in 44.18 ms, found 2 plugins.
Preloading 0 native plugins for Editor in 0.00 ms.
Mono: successfully reloaded assembly
- Completed reload, in  2.643 seconds
Platform modules already initialized, skipping
Registering precompiled user dll's ...
Registered in 0.007007 seconds.
Begin MonoManager ReloadAssembly
Native extension for WindowsStandalone target not found
Native extension for WebGL target not found
Refreshing native plugins compatible for Editor in 0.40 ms, found 2 plugins.
Preloading 0 native plugins for Editor in 0.00 ms.
Mono: successfully reloaded assembly
- Completed reload, in  1.775 seconds
Platform modules already initialized, skipping
========================================================================
Worker process is ready to serve import requests
Launched and connected shader compiler UnityShaderCompiler.exe after 0.19 seconds
Refreshing native plugins compatible for Editor in 0.43 ms, found 2 plugins.
Preloading 0 native plugins for Editor in 0.00 ms.
Unloading 1525 Unused Serialized files (Serialized files now loaded: 0)
System memory in use before: 84.0 MB.
System memory in use after: 83.8 MB.

Unloading 20 unused Assets to reduce memory usage. Loaded Objects now: 1977.
Total: 2.704200 ms (FindLiveObjects: 0.199700 ms CreateObjectMapping: 0.042500 ms MarkObjects: 2.090800 ms  DeleteObjects: 0.368500 ms)

========================================================================
Received Import Request.
  path: Assets/Scenes/Inicio.unity
  artifactKey: Guid(2a17bdae3c7a9ad4f9f17d612fc8c7c2) Importer(815301076,1909f56bfc062723c751e8b465ee728b)
Start importing Assets/Scenes/Inicio.unity using Guid(2a17bdae3c7a9ad4f9f17d612fc8c7c2) Importer(815301076,1909f56bfc062723c751e8b465ee728b)  -> (artifact id: '0e331a754e54fa32db4b7c380f0bccbc') in 0.024604 seconds
  Import took 0.046706 seconds .

========================================================================
Received Prepare
Registering precompiled user dll's ...
Registered in 0.032431 seconds.
Begin MonoManager ReloadAssembly
Native extension for WindowsStandalone target not found
Native extension for WebGL target not found
Refreshing native plugins compatible for Editor in 0.47 ms, found 2 plugins.
Preloading 0 native plugins for Editor in 0.00 ms.
Mono: successfully reloaded assembly
- Completed reload, in  1.567 seconds
Platform modules already initialized, skipping
Refreshing native plugins compatible for Editor in 0.40 ms, found 2 plugins.
Preloading 0 native plugins for Editor in 0.00 ms.
Unloading 1502 Unused Serialized files (Serialized files now loaded: 0)
System memory in use before: 82.2 MB.
System memory in use after: 81.9 MB.

Unloading 16 unused Assets to reduce memory usage. Loaded Objects now: 1980.
Total: 4.609400 ms (FindLiveObjects: 0.228800 ms CreateObjectMapping: 0.062400 ms MarkObjects: 3.944900 ms  DeleteObjects: 0.370500 ms)

========================================================================
Received Prepare
Refreshing native plugins compatible for Editor in 4.21 ms, found 2 plugins.
Preloading 0 native plugins for Editor in 0.00 ms.
Unloading 14 Unused Serialized files (Serialized files now loaded: 0)
System memory in use before: 52.8 MB.
System memory in use after: 52.5 MB.

Unloading 14 unused Assets to reduce memory usage. Loaded Objects now: 1980.
Total: 3.139100 ms (FindLiveObjects: 0.195300 ms CreateObjectMapping: 0.038400 ms MarkObjects: 2.492500 ms  DeleteObjects: 0.411800 ms)

========================================================================
Received Prepare
Refreshing native plugins compatible for Editor in 4.13 ms, found 2 plugins.
Preloading 0 native plugins for Editor in 0.00 ms.
Unloading 14 Unused Serialized files (Serialized files now loaded: 0)
System memory in use before: 52.8 MB.
System memory in use after: 52.5 MB.

Unloading 14 unused Assets to reduce memory usage. Loaded Objects now: 1980.
Total: 2.460200 ms (FindLiveObjects: 0.169200 ms CreateObjectMapping: 0.035100 ms MarkObjects: 1.897400 ms  DeleteObjects: 0.357400 ms)

========================================================================
Received Import Request.
  Time since last request: 4615.392675 seconds.
  path: Assets/Scenes/Fase2.unity
  artifactKey: Guid(0b8dfcd3cb9654743bd4eed8b2614451) Importer(815301076,1909f56bfc062723c751e8b465ee728b)
Start importing Assets/Scenes/Fase2.unity using Guid(0b8dfcd3cb9654743bd4eed8b2614451) Importer(815301076,1909f56bfc062723c751e8b465ee728b)  -> (artifact id: '3b9128af76b9eb05bb31f1794eafc4c9') in 0.136664 seconds
  Import took 0.170790 seconds .

========================================================================
Received Prepare
Registering precompiled user dll's ...
Registered in 0.031080 seconds.
Begin MonoManager ReloadAssembly
Native extension for WindowsStandalone target not found
Native extension for WebGL target not found
Refreshing native plugins compatible for Editor in 0.41 ms, found 2 plugins.
Preloading 0 native plugins for Editor in 0.00 ms.
Mono: successfully reloaded assembly
- Completed reload, in  1.363 seconds
Platform modules already initialized, skipping
Refreshing native plugins compatible for Editor in 0.39 ms, found 2 plugins.
Preloading 0 native plugins for Editor in 0.00 ms.
Unloading 1502 Unused Serialized files (Serialized files now loaded: 0)
System memory in use before: 82.2 MB.
System memory in use after: 82.0 MB.

Unloading 16 unused Assets to reduce memory usage. Loaded Objects now: 1983.
Total: 2.353000 ms (FindLiveObjects: 0.171000 ms CreateObjectMapping: 0.035200 ms MarkObjects: 1.793600 ms  DeleteObjects: 0.352000 ms)

========================================================================
Received Import Request.
  Time since last request: 35.549176 seconds.
  path: Assets/Scenes/Inicio.unity
  artifactKey: Guid(2a17bdae3c7a9ad4f9f17d612fc8c7c2) Importer(815301076,1909f56bfc062723c751e8b465ee728b)
Start importing Assets/Scenes/Inicio.unity using Guid(2a17bdae3c7a9ad4f9f17d612fc8c7c2) Importer(815301076,1909f56bfc062723c751e8b465ee728b)  -> (artifact id: '606ea9234bb344ca8f9a8316cfb43915') in 0.028732 seconds
  Import took 0.062469 seconds .

========================================================================
Received Prepare
Registering precompiled user dll's ...
Registered in 0.011262 seconds.
Begin MonoManager ReloadAssembly
Native extension for WindowsStandalone target not found
Native extension for WebGL target not found
Refreshing native plugins compatible for Editor in 0.40 ms, found 2 plugins.
Preloading 0 native plugins for Editor in 0.00 ms.
Mono: successfully reloaded assembly
- Completed reload, in  1.138 seconds
Platform modules already initialized, skipping
Refreshing native plugins compatible for Editor in 0.40 ms, found 2 plugins.
Preloading 0 native plugins for Editor in 0.00 ms.
Unloading 1502 Unused Serialized files (Serialized files now loaded: 0)
System memory in use before: 82.3 MB.
System memory in use after: 82.0 MB.

Unloading 16 unused Assets to reduce memory usage. Loaded Objects now: 1986.
Total: 7.755500 ms (FindLiveObjects: 0.186700 ms CreateObjectMapping: 0.044100 ms MarkObjects: 2.020000 ms  DeleteObjects: 5.503500 ms)

========================================================================
Received Import Request.
  Time since last request: 617.583175 seconds.
  path: Assets/Scripts/SetDifficulty.cs
  artifactKey: Guid(a50a22106046fb244b537362b3b029d6) Importer(815301076,1909f56bfc062723c751e8b465ee728b)
Start importing Assets/Scripts/SetDifficulty.cs using Guid(a50a22106046fb244b537362b3b029d6) Importer(815301076,1909f56bfc062723c751e8b465ee728b)  -> (artifact id: 'b30759d67985a0bf569effaa0dcba55f') in 1.672125 seconds
  Import took 1.723750 seconds .

========================================================================
Received Prepare
Registering precompiled user dll's ...
Registered in 0.006075 seconds.
Begin MonoManager ReloadAssembly
Native extension for WindowsStandalone target not found
Native extension for WebGL target not found
Refreshing native plugins compatible for Editor in 0.49 ms, found 2 plugins.
Preloading 0 native plugins for Editor in 0.00 ms.
Mono: successfully reloaded assembly
- Completed reload, in  1.143 seconds
Platform modules already initialized, skipping
Refreshing native plugins compatible for Editor in 0.39 ms, found 2 plugins.
Preloading 0 native plugins for Editor in 0.00 ms.
Unloading 1503 Unused Serialized files (Serialized files now loaded: 0)
System memory in use before: 82.3 MB.
System memory in use after: 82.0 MB.

Unloading 16 unused Assets to reduce memory usage. Loaded Objects now: 1990.
Total: 3.800100 ms (FindLiveObjects: 0.188000 ms CreateObjectMapping: 0.043200 ms MarkObjects: 3.165600 ms  DeleteObjects: 0.401600 ms)

========================================================================
Received Import Request.
  Time since last request: 436.997528 seconds.
  path: Assets/Scripts/SetDifficulty.cs
  artifactKey: Guid(a50a22106046fb244b537362b3b029d6) Importer(815301076,1909f56bfc062723c751e8b465ee728b)
Start importing Assets/Scripts/SetDifficulty.cs using Guid(a50a22106046fb244b537362b3b029d6) Importer(815301076,1909f56bfc062723c751e8b465ee728b)  -> (artifact id: '443409a59602873933182ef64c038e4a') in 0.029762 seconds
  Import took 0.044926 seconds .

========================================================================
Received Prepare
Registering precompiled user dll's ...
Registered in 0.068948 seconds.
Begin MonoManager ReloadAssembly
Native extension for WindowsStandalone target not found
Native extension for WebGL target not found
Refreshing native plugins compatible for Editor in 0.49 ms, found 2 plugins.
Preloading 0 native plugins for Editor in 0.00 ms.
Mono: successfully reloaded assembly
- Completed reload, in  1.180 seconds
Platform modules already initialized, skipping
Refreshing native plugins compatible for Editor in 0.54 ms, found 2 plugins.
Preloading 0 native plugins for Editor in 0.00 ms.
Unloading 1503 Unused Serialized files (Serialized files now loaded: 0)
System memory in use before: 82.3 MB.
System memory in use after: 82.1 MB.

Unloading 17 unused Assets to reduce memory usage. Loaded Objects now: 1993.
Total: 4.835400 ms (FindLiveObjects: 0.206000 ms CreateObjectMapping: 0.042700 ms MarkObjects: 3.525700 ms  DeleteObjects: 1.058800 ms)

========================================================================
Received Prepare
Registering precompiled user dll's ...
Registered in 0.005543 seconds.
Begin MonoManager ReloadAssembly
Native extension for WindowsStandalone target not found
Native extension for WebGL target not found
Refreshing native plugins compatible for Editor in 0.41 ms, found 2 plugins.
Preloading 0 native plugins for Editor in 0.00 ms.
Mono: successfully reloaded assembly
- Completed reload, in  1.184 seconds
Platform modules already initialized, skipping
Refreshing native plugins compatible for Editor in 0.39 ms, found 2 plugins.
Preloading 0 native plugins for Editor in 0.00 ms.
Unloading 1503 Unused Serialized files (Serialized files now loaded: 0)
System memory in use before: 82.3 MB.
System memory in use after: 82.1 MB.

Unloading 16 unused Assets to reduce memory usage. Loaded Objects now: 1996.
Total: 2.430100 ms (FindLiveObjects: 0.208900 ms CreateObjectMapping: 0.049100 ms MarkObjects: 1.687600 ms  DeleteObjects: 0.482700 ms)

========================================================================
Received Prepare
Registering precompiled user dll's ...
Registered in 0.006265 seconds.
Begin MonoManager ReloadAssembly
Native extension for WindowsStandalone target not found
Native extension for WebGL target not found
Refreshing native plugins compatible for Editor in 0.42 ms, found 2 plugins.
Preloading 0 native plugins for Editor in 0.00 ms.
Mono: successfully reloaded assembly
- Completed reload, in  1.230 seconds
Platform modules already initialized, skipping
Refreshing native plugins compatible for Editor in 0.45 ms, found 2 plugins.
Preloading 0 native plugins for Editor in 0.00 ms.
Unloading 1503 Unused Serialized files (Serialized files now loaded: 0)
System memory in use before: 82.3 MB.
System memory in use after: 82.1 MB.

Unloading 16 unused Assets to reduce memory usage. Loaded Objects now: 1999.
Total: 2.327100 ms (FindLiveObjects: 0.172300 ms CreateObjectMapping: 0.035600 ms MarkObjects: 1.736700 ms  DeleteObjects: 0.381400 ms)

========================================================================
Received Prepare
Registering precompiled user dll's ...
Registered in 0.006294 seconds.
Begin MonoManager ReloadAssembly
Native extension for WindowsStandalone target not found
Native extension for WebGL target not found
Refreshing native plugins compatible for Editor in 0.40 ms, found 2 plugins.
Preloading 0 native plugins for Editor in 0.00 ms.
Mono: successfully reloaded assembly
- Completed reload, in  1.138 seconds
Platform modules already initialized, skipping
Refreshing native plugins compatible for Editor in 0.42 ms, found 2 plugins.
Preloading 0 native plugins for Editor in 0.00 ms.
Unloading 1503 Unused Serialized files (Serialized files now loaded: 0)
System memory in use before: 82.3 MB.
System memory in use after: 82.1 MB.

Unloading 16 unused Assets to reduce memory usage. Loaded Objects now: 2002.
Total: 2.629600 ms (FindLiveObjects: 0.193100 ms CreateObjectMapping: 0.049800 ms MarkObjects: 1.748800 ms  DeleteObjects: 0.636300 ms)

========================================================================
Received Prepare
Registering precompiled user dll's ...
Registered in 0.006332 seconds.
Begin MonoManager ReloadAssembly
Native extension for WindowsStandalone target not found
Native extension for WebGL target not found
Refreshing native plugins compatible for Editor in 0.39 ms, found 2 plugins.
Preloading 0 native plugins for Editor in 0.00 ms.
Mono: successfully reloaded assembly
- Completed reload, in  1.286 seconds
Platform modules already initialized, skipping
Refreshing native plugins compatible for Editor in 0.41 ms, found 2 plugins.
Preloading 0 native plugins for Editor in 0.00 ms.
Unloading 1503 Unused Serialized files (Serialized files now loaded: 0)
System memory in use before: 82.1 MB.
System memory in use after: 81.8 MB.

Unloading 16 unused Assets to reduce memory usage. Loaded Objects now: 2005.
Total: 2.618800 ms (FindLiveObjects: 0.191700 ms CreateObjectMapping: 0.035900 ms MarkObjects: 1.968900 ms  DeleteObjects: 0.421000 ms)

========================================================================
Received Import Request.
  Time since last request: 485.570700 seconds.
  path: Assets/Scenes/Fase2.unity
  artifactKey: Guid(0b8dfcd3cb9654743bd4eed8b2614451) Importer(815301076,1909f56bfc062723c751e8b465ee728b)
Start importing Assets/Scenes/Fase2.unity using Guid(0b8dfcd3cb9654743bd4eed8b2614451) Importer(815301076,1909f56bfc062723c751e8b465ee728b)  -> (artifact id: '8e63e3fbd028f2de2d8556d2c5d07437') in 0.019663 seconds
  Import took 0.022310 seconds .

========================================================================
Received Import Request.
  Time since last request: 3183.063353 seconds.
  path: Assets/Scenes/Fase1.unity
  artifactKey: Guid(d327c662368e75e4a83942a351ab1583) Importer(815301076,1909f56bfc062723c751e8b465ee728b)
Start importing Assets/Scenes/Fase1.unity using Guid(d327c662368e75e4a83942a351ab1583) Importer(815301076,1909f56bfc062723c751e8b465ee728b)  -> (artifact id: '2fd2095bb1d7a9bac137be8ed6d101c4') in 0.085912 seconds
  Import took 0.115812 seconds .

========================================================================
Received Prepare
Registering precompiled user dll's ...
Registered in 0.130425 seconds.
Begin MonoManager ReloadAssembly
Native extension for WindowsStandalone target not found
Native extension for WebGL target not found
Refreshing native plugins compatible for Editor in 0.40 ms, found 2 plugins.
Preloading 0 native plugins for Editor in 0.00 ms.
Mono: successfully reloaded assembly
- Completed reload, in  1.863 seconds
Platform modules already initialized, skipping
Refreshing native plugins compatible for Editor in 0.40 ms, found 2 plugins.
Preloading 0 native plugins for Editor in 0.00 ms.
Unloading 1503 Unused Serialized files (Serialized files now loaded: 0)
System memory in use before: 82.2 MB.
System memory in use after: 81.9 MB.

Unloading 16 unused Assets to reduce memory usage. Loaded Objects now: 2008.
Total: 2.874800 ms (FindLiveObjects: 0.204500 ms CreateObjectMapping: 0.044100 ms MarkObjects: 2.128800 ms  DeleteObjects: 0.496100 ms)

========================================================================
Received Import Request.
  Time since last request: 532.562154 seconds.
  path: Assets/Prefabs/Inimigo.prefab
  artifactKey: Guid(2fc22cb5db2d2804290edb36a3773815) Importer(815301076,1909f56bfc062723c751e8b465ee728b)
Start importing Assets/Prefabs/Inimigo.prefab using Guid(2fc22cb5db2d2804290edb36a3773815) Importer(815301076,1909f56bfc062723c751e8b465ee728b)  -> (artifact id: '859061d8ef5bc4056b6a80d1ed2561e0') in 0.871467 seconds
  Import took 0.874984 seconds .

========================================================================
Received Prepare
Registering precompiled user dll's ...
Registered in 0.006089 seconds.
Begin MonoManager ReloadAssembly
Native extension for WindowsStandalone target not found
Native extension for WebGL target not found
Refreshing native plugins compatible for Editor in 0.41 ms, found 2 plugins.
Preloading 0 native plugins for Editor in 0.00 ms.
Mono: successfully reloaded assembly
- Completed reload, in  1.113 seconds
Platform modules already initialized, skipping
Refreshing native plugins compatible for Editor in 0.41 ms, found 2 plugins.
Preloading 0 native plugins for Editor in 0.00 ms.
Unloading 1503 Unused Serialized files (Serialized files now loaded: 0)
System memory in use before: 85.3 MB.
System memory in use after: 85.0 MB.

Unloading 16 unused Assets to reduce memory usage. Loaded Objects now: 2019.
Total: 2.820500 ms (FindLiveObjects: 0.205400 ms CreateObjectMapping: 0.050400 ms MarkObjects: 2.208000 ms  DeleteObjects: 0.355400 ms)

========================================================================
Received Import Request.
  Time since last request: 71.136655 seconds.
  path: Assets/Prefabs/Inimigo.prefab
  artifactKey: Guid(2fc22cb5db2d2804290edb36a3773815) Importer(815301076,1909f56bfc062723c751e8b465ee728b)
Start importing Assets/Prefabs/Inimigo.prefab using Guid(2fc22cb5db2d2804290edb36a3773815) Importer(815301076,1909f56bfc062723c751e8b465ee728b)  -> (artifact id: '6e7dd6152ec1dd7caebe91fa134381a1') in 0.093286 seconds
  Import took 0.096751 seconds .

========================================================================
Received Import Request.
  Time since last request: 1.050172 seconds.
  path: Assets/Prefabs/Inimigo.prefab
  artifactKey: Guid(2fc22cb5db2d2804290edb36a3773815) Importer(815301076,1909f56bfc062723c751e8b465ee728b)
Start importing Assets/Prefabs/Inimigo.prefab using Guid(2fc22cb5db2d2804290edb36a3773815) Importer(815301076,1909f56bfc062723c751e8b465ee728b)  -> (artifact id: '6e7dd6152ec1dd7caebe91fa134381a1') in 0.025616 seconds
  Import took 0.029316 seconds .

========================================================================
Received Prepare
Registering precompiled user dll's ...
Registered in 0.007311 seconds.
Begin MonoManager ReloadAssembly
Native extension for WindowsStandalone target not found
Native extension for WebGL target not found
Refreshing native plugins compatible for Editor in 0.40 ms, found 2 plugins.
Preloading 0 native plugins for Editor in 0.00 ms.
Mono: successfully reloaded assembly
- Completed reload, in  1.113 seconds
Platform modules already initialized, skipping
Refreshing native plugins compatible for Editor in 0.49 ms, found 2 plugins.
Preloading 0 native plugins for Editor in 0.00 ms.
Unloading 1503 Unused Serialized files (Serialized files now loaded: 0)
System memory in use before: 85.3 MB.
System memory in use after: 85.0 MB.

Unloading 16 unused Assets to reduce memory usage. Loaded Objects now: 2023.
Total: 2.599600 ms (FindLiveObjects: 0.190700 ms CreateObjectMapping: 0.042400 ms MarkObjects: 1.956900 ms  DeleteObjects: 0.408000 ms)

========================================================================
Received Prepare
Registering precompiled user dll's ...
Registered in 0.127054 seconds.
Begin MonoManager ReloadAssembly
Native extension for WindowsStandalone target not found
Native extension for WebGL target not found
Refreshing native plugins compatible for Editor in 0.41 ms, found 2 plugins.
Preloading 0 native plugins for Editor in 0.00 ms.
Mono: successfully reloaded assembly
- Completed reload, in  1.463 seconds
Platform modules already initialized, skipping
Refreshing native plugins compatible for Editor in 0.95 ms, found 2 plugins.
Preloading 0 native plugins for Editor in 0.00 ms.
Unloading 1503 Unused Serialized files (Serialized files now loaded: 0)
System memory in use before: 85.3 MB.
System memory in use after: 85.0 MB.

Unloading 16 unused Assets to reduce memory usage. Loaded Objects now: 2026.
Total: 5.621400 ms (FindLiveObjects: 0.318600 ms CreateObjectMapping: 0.089000 ms MarkObjects: 3.919200 ms  DeleteObjects: 1.290700 ms)

========================================================================
Received Prepare
Registering precompiled user dll's ...
Registered in 0.043028 seconds.
Begin MonoManager ReloadAssembly
Native extension for WindowsStandalone target not found
Native extension for WebGL target not found
Refreshing native plugins compatible for Editor in 0.52 ms, found 2 plugins.
Preloading 0 native plugins for Editor in 0.00 ms.
Mono: successfully reloaded assembly
- Completed reload, in  1.462 seconds
Platform modules already initialized, skipping
Refreshing native plugins compatible for Editor in 0.42 ms, found 2 plugins.
Preloading 0 native plugins for Editor in 0.00 ms.
Unloading 1503 Unused Serialized files (Serialized files now loaded: 0)
System memory in use before: 85.3 MB.
System memory in use after: 85.0 MB.

Unloading 16 unused Assets to reduce memory usage. Loaded Objects now: 2029.
Total: 4.407300 ms (FindLiveObjects: 0.191700 ms CreateObjectMapping: 0.037800 ms MarkObjects: 2.215700 ms  DeleteObjects: 1.960500 ms)

========================================================================
Received Import Request.
  Time since last request: 1978.812604 seconds.
  path: Assets/Prefabs/Tulla Luana.prefab
  artifactKey: Guid(0fd4b034694237749af1b5672e47b8b5) Importer(815301076,1909f56bfc062723c751e8b465ee728b)
Start importing Assets/Prefabs/Tulla Luana.prefab using Guid(0fd4b034694237749af1b5672e47b8b5) Importer(815301076,1909f56bfc062723c751e8b465ee728b)  -> (artifact id: '88c4a8b045707bd447d70c2efddefc89') in 0.396007 seconds
  Import took 0.399863 seconds .

========================================================================
Received Import Request.
  Time since last request: 90.505311 seconds.
  path: Assets/Scenes/Fase1.unity
  artifactKey: Guid(d327c662368e75e4a83942a351ab1583) Importer(815301076,1909f56bfc062723c751e8b465ee728b)
Start importing Assets/Scenes/Fase1.unity using Guid(d327c662368e75e4a83942a351ab1583) Importer(815301076,1909f56bfc062723c751e8b465ee728b)  -> (artifact id: '858cf25de045586c56125d8a746be317') in 0.015973 seconds
  Import took 0.024015 seconds .

========================================================================
Received Import Request.
  Time since last request: 0.003669 seconds.
  path: Assets/Scenes/Fase1.unity
  artifactKey: Guid(d327c662368e75e4a83942a351ab1583) Importer(815301076,1909f56bfc062723c751e8b465ee728b)
Start importing Assets/Scenes/Fase1.unity using Guid(d327c662368e75e4a83942a351ab1583) Importer(815301076,1909f56bfc062723c751e8b465ee728b)  -> (artifact id: '858cf25de045586c56125d8a746be317') in 0.008935 seconds
  Import took 0.013136 seconds .

========================================================================
Received Import Request.
  Time since last request: 77.224080 seconds.
  path: Assets/Scenes/Fase2.unity
  artifactKey: Guid(0b8dfcd3cb9654743bd4eed8b2614451) Importer(815301076,1909f56bfc062723c751e8b465ee728b)
Start importing Assets/Scenes/Fase2.unity using Guid(0b8dfcd3cb9654743bd4eed8b2614451) Importer(815301076,1909f56bfc062723c751e8b465ee728b)  -> (artifact id: '520e19502f54da40783a142ec8dd20de') in 0.010176 seconds
  Import took 0.015567 seconds .

========================================================================
Received Prepare
Registering precompiled user dll's ...
Registered in 0.008096 seconds.
Begin MonoManager ReloadAssembly
Native extension for WindowsStandalone target not found
Native extension for WebGL target not found
Refreshing native plugins compatible for Editor in 0.57 ms, found 2 plugins.
Preloading 0 native plugins for Editor in 0.00 ms.
Mono: successfully reloaded assembly
- Completed reload, in  1.523 seconds
Platform modules already initialized, skipping
Refreshing native plugins compatible for Editor in 0.44 ms, found 2 plugins.
Preloading 0 native plugins for Editor in 0.00 ms.
Unloading 1503 Unused Serialized files (Serialized files now loaded: 0)
System memory in use before: 85.3 MB.
System memory in use after: 85.0 MB.

Unloading 16 unused Assets to reduce memory usage. Loaded Objects now: 2033.
Total: 9.224700 ms (FindLiveObjects: 0.215000 ms CreateObjectMapping: 0.041900 ms MarkObjects: 8.443200 ms  DeleteObjects: 0.522700 ms)

========================================================================
Received Prepare
Refreshing native plugins compatible for Editor in 4.03 ms, found 2 plugins.
Preloading 0 native plugins for Editor in 0.00 ms.
Unloading 14 Unused Serialized files (Serialized files now loaded: 0)
System memory in use before: 55.9 MB.
System memory in use after: 55.6 MB.

Unloading 14 unused Assets to reduce memory usage. Loaded Objects now: 2033.
Total: 3.983100 ms (FindLiveObjects: 0.190800 ms CreateObjectMapping: 0.035800 ms MarkObjects: 3.265300 ms  DeleteObjects: 0.489300 ms)

========================================================================
Received Import Request.
  Time since last request: 186.601665 seconds.
  path: Assets/Scenes/Inicio.unity
  artifactKey: Guid(2a17bdae3c7a9ad4f9f17d612fc8c7c2) Importer(815301076,1909f56bfc062723c751e8b465ee728b)
Start importing Assets/Scenes/Inicio.unity using Guid(2a17bdae3c7a9ad4f9f17d612fc8c7c2) Importer(815301076,1909f56bfc062723c751e8b465ee728b)  -> (artifact id: '5a8221bd040296ccf1834d31dca1b2c1') in 0.042450 seconds
  Import took 0.066766 seconds .

========================================================================
Received Prepare
Refreshing native plugins compatible for Editor in 4.63 ms, found 2 plugins.
Preloading 0 native plugins for Editor in 0.00 ms.
Unloading 14 Unused Serialized files (Serialized files now loaded: 0)
System memory in use before: 55.9 MB.
System memory in use after: 55.6 MB.

Unloading 14 unused Assets to reduce memory usage. Loaded Objects now: 2033.
Total: 4.007500 ms (FindLiveObjects: 0.198300 ms CreateObjectMapping: 0.042300 ms MarkObjects: 3.302900 ms  DeleteObjects: 0.462800 ms)

========================================================================
Received Import Request.
  Time since last request: 167.422187 seconds.
  path: Assets/Scenes/Fase1.unity
  artifactKey: Guid(d327c662368e75e4a83942a351ab1583) Importer(815301076,1909f56bfc062723c751e8b465ee728b)
Start importing Assets/Scenes/Fase1.unity using Guid(d327c662368e75e4a83942a351ab1583) Importer(815301076,1909f56bfc062723c751e8b465ee728b)  -> (artifact id: 'ce4a159cd5d4d48a02057912b4a988be') in 0.012734 seconds
  Import took 0.037848 seconds .

========================================================================
Received Import Request.
  Time since last request: 7.243824 seconds.
  path: Assets/Scenes/Inicio.unity
  artifactKey: Guid(2a17bdae3c7a9ad4f9f17d612fc8c7c2) Importer(815301076,1909f56bfc062723c751e8b465ee728b)
Start importing Assets/Scenes/Inicio.unity using Guid(2a17bdae3c7a9ad4f9f17d612fc8c7c2) Importer(815301076,1909f56bfc062723c751e8b465ee728b)  -> (artifact id: '7e2348bdba2dd979ce64e6b36fc17259') in 0.008155 seconds
  Import took 0.011551 seconds .

========================================================================
Received Import Request.
  Time since last request: 0.003467 seconds.
  path: Assets/Scenes/Inicio.unity
  artifactKey: Guid(2a17bdae3c7a9ad4f9f17d612fc8c7c2) Importer(815301076,1909f56bfc062723c751e8b465ee728b)
Start importing Assets/Scenes/Inicio.unity using Guid(2a17bdae3c7a9ad4f9f17d612fc8c7c2) Importer(815301076,1909f56bfc062723c751e8b465ee728b)  -> (artifact id: '7e2348bdba2dd979ce64e6b36fc17259') in 0.004940 seconds
  Import took 0.009730 seconds .

========================================================================
Received Import Request.
  Time since last request: 14.235315 seconds.
  path: Assets/Scenes/Fase2.unity
  artifactKey: Guid(0b8dfcd3cb9654743bd4eed8b2614451) Importer(815301076,1909f56bfc062723c751e8b465ee728b)
Start importing Assets/Scenes/Fase2.unity using Guid(0b8dfcd3cb9654743bd4eed8b2614451) Importer(815301076,1909f56bfc062723c751e8b465ee728b)  -> (artifact id: 'aec138c4dde0b503ea22ab6b02ad8af6') in 0.017046 seconds
  Import took 0.024014 seconds .

========================================================================
Received Prepare
Refreshing native plugins compatible for Editor in 3.63 ms, found 2 plugins.
Preloading 0 native plugins for Editor in 0.00 ms.
Unloading 14 Unused Serialized files (Serialized files now loaded: 0)
System memory in use before: 55.9 MB.
System memory in use after: 55.6 MB.

Unloading 14 unused Assets to reduce memory usage. Loaded Objects now: 2033.
Total: 3.946500 ms (FindLiveObjects: 0.196500 ms CreateObjectMapping: 0.039700 ms MarkObjects: 3.234900 ms  DeleteObjects: 0.473500 ms)

========================================================================
Received Prepare
Refreshing native plugins compatible for Editor in 3.85 ms, found 2 plugins.
Preloading 0 native plugins for Editor in 0.00 ms.
Unloading 14 Unused Serialized files (Serialized files now loaded: 0)
System memory in use before: 55.9 MB.
System memory in use after: 55.6 MB.

Unloading 14 unused Assets to reduce memory usage. Loaded Objects now: 2033.
Total: 3.705700 ms (FindLiveObjects: 0.191700 ms CreateObjectMapping: 0.036700 ms MarkObjects: 3.036100 ms  DeleteObjects: 0.440000 ms)

========================================================================
Received Prepare
Registering precompiled user dll's ...
Registered in 0.240646 seconds.
Begin MonoManager ReloadAssembly
Native extension for WindowsStandalone target not found
Native extension for WebGL target not found
Refreshing native plugins compatible for Editor in 0.47 ms, found 2 plugins.
Preloading 0 native plugins for Editor in 0.00 ms.
Mono: successfully reloaded assembly
- Completed reload, in  1.820 seconds
Platform modules already initialized, skipping
Refreshing native plugins compatible for Editor in 0.50 ms, found 2 plugins.
Preloading 0 native plugins for Editor in 0.00 ms.
Unloading 1503 Unused Serialized files (Serialized files now loaded: 0)
System memory in use before: 85.4 MB.
System memory in use after: 85.1 MB.

Unloading 16 unused Assets to reduce memory usage. Loaded Objects now: 2036.
Total: 3.608700 ms (FindLiveObjects: 0.200500 ms CreateObjectMapping: 0.044700 ms MarkObjects: 2.858600 ms  DeleteObjects: 0.503100 ms)

========================================================================
Received Prepare
Registering precompiled user dll's ...
Registered in 0.005165 seconds.
Begin MonoManager ReloadAssembly
Native extension for WindowsStandalone target not found
Native extension for WebGL target not found
Refreshing native plugins compatible for Editor in 0.44 ms, found 2 plugins.
Preloading 0 native plugins for Editor in 0.00 ms.
Mono: successfully reloaded assembly
- Completed reload, in  1.367 seconds
Platform modules already initialized, skipping
Refreshing native plugins compatible for Editor in 0.39 ms, found 2 plugins.
Preloading 0 native plugins for Editor in 0.00 ms.
Unloading 1503 Unused Serialized files (Serialized files now loaded: 0)
System memory in use before: 85.4 MB.
System memory in use after: 85.1 MB.

Unloading 16 unused Assets to reduce memory usage. Loaded Objects now: 2039.
Total: 3.758600 ms (FindLiveObjects: 0.262500 ms CreateObjectMapping: 0.053600 ms MarkObjects: 2.591900 ms  DeleteObjects: 0.848800 ms)

========================================================================
Received Prepare
Registering precompiled user dll's ...
Registered in 0.004924 seconds.
Begin MonoManager ReloadAssembly
Native extension for WindowsStandalone target not found
Native extension for WebGL target not found
Refreshing native plugins compatible for Editor in 0.40 ms, found 2 plugins.
Preloading 0 native plugins for Editor in 0.00 ms.
Mono: successfully reloaded assembly
- Completed reload, in  1.510 seconds
Platform modules already initialized, skipping
Refreshing native plugins compatible for Editor in 0.40 ms, found 2 plugins.
Preloading 0 native plugins for Editor in 0.00 ms.
Unloading 1503 Unused Serialized files (Serialized files now loaded: 0)
System memory in use before: 85.3 MB.
System memory in use after: 85.1 MB.

Unloading 16 unused Assets to reduce memory usage. Loaded Objects now: 2042.
Total: 2.471000 ms (FindLiveObjects: 0.186200 ms CreateObjectMapping: 0.035500 ms MarkObjects: 1.826700 ms  DeleteObjects: 0.421400 ms)

========================================================================
Received Prepare
Refreshing native plugins compatible for Editor in 3.98 ms, found 2 plugins.
Preloading 0 native plugins for Editor in 0.00 ms.
Unloading 14 Unused Serialized files (Serialized files now loaded: 0)
System memory in use before: 55.9 MB.
System memory in use after: 55.6 MB.

Unloading 14 unused Assets to reduce memory usage. Loaded Objects now: 2042.
Total: 2.643900 ms (FindLiveObjects: 0.187100 ms CreateObjectMapping: 0.038600 ms MarkObjects: 1.979300 ms  DeleteObjects: 0.437600 ms)

========================================================================
Received Prepare
Registering precompiled user dll's ...
Registered in 0.006436 seconds.
Begin MonoManager ReloadAssembly
Native extension for WindowsStandalone target not found
Native extension for WebGL target not found
Refreshing native plugins compatible for Editor in 0.48 ms, found 2 plugins.
Preloading 0 native plugins for Editor in 0.00 ms.
Mono: successfully reloaded assembly
- Completed reload, in  1.268 seconds
Platform modules already initialized, skipping
Refreshing native plugins compatible for Editor in 0.40 ms, found 2 plugins.
Preloading 0 native plugins for Editor in 0.00 ms.
Unloading 1503 Unused Serialized files (Serialized files now loaded: 0)
System memory in use before: 85.3 MB.
System memory in use after: 85.1 MB.

Unloading 16 unused Assets to reduce memory usage. Loaded Objects now: 2045.
Total: 2.629200 ms (FindLiveObjects: 0.220400 ms CreateObjectMapping: 0.042100 ms MarkObjects: 1.933300 ms  DeleteObjects: 0.431800 ms)

========================================================================
Received Prepare
Refreshing native plugins compatible for Editor in 4.83 ms, found 2 plugins.
Preloading 0 native plugins for Editor in 0.00 ms.
Unloading 14 Unused Serialized files (Serialized files now loaded: 0)
System memory in use before: 55.9 MB.
System memory in use after: 55.6 MB.

Unloading 14 unused Assets to reduce memory usage. Loaded Objects now: 2045.
Total: 3.027900 ms (FindLiveObjects: 0.196300 ms CreateObjectMapping: 0.059200 ms MarkObjects: 2.313000 ms  DeleteObjects: 0.458100 ms)

========================================================================
Received Import Request.
  Time since last request: 1688.397617 seconds.
  path: Assets/Scenes/Inicio.unity
  artifactKey: Guid(2a17bdae3c7a9ad4f9f17d612fc8c7c2) Importer(815301076,1909f56bfc062723c751e8b465ee728b)
Start importing Assets/Scenes/Inicio.unity using Guid(2a17bdae3c7a9ad4f9f17d612fc8c7c2) Importer(815301076,1909f56bfc062723c751e8b465ee728b)  -> (artifact id: 'cf4fa04f74db34c19ac95b34f3fe56a5') in 0.034696 seconds
  Import took 0.039250 seconds .

========================================================================
Received Prepare
Registering precompiled user dll's ...
Registered in 0.005262 seconds.
Begin MonoManager ReloadAssembly
Native extension for WindowsStandalone target not found
Native extension for WebGL target not found
Refreshing native plugins compatible for Editor in 0.59 ms, found 2 plugins.
Preloading 0 native plugins for Editor in 0.00 ms.
Mono: successfully reloaded assembly
- Completed reload, in  1.723 seconds
Platform modules already initialized, skipping
Refreshing native plugins compatible for Editor in 0.88 ms, found 2 plugins.
Preloading 0 native plugins for Editor in 0.00 ms.
Unloading 1503 Unused Serialized files (Serialized files now loaded: 0)
System memory in use before: 85.3 MB.
System memory in use after: 85.1 MB.

Unloading 16 unused Assets to reduce memory usage. Loaded Objects now: 2048.
Total: 6.729500 ms (FindLiveObjects: 0.410500 ms CreateObjectMapping: 0.058800 ms MarkObjects: 5.387500 ms  DeleteObjects: 0.867200 ms)

========================================================================
Received Prepare
Registering precompiled user dll's ...
Registered in 0.005924 seconds.
Begin MonoManager ReloadAssembly
Native extension for WindowsStandalone target not found
Native extension for WebGL target not found
Refreshing native plugins compatible for Editor in 0.49 ms, found 2 plugins.
Preloading 0 native plugins for Editor in 0.00 ms.
Mono: successfully reloaded assembly
- Completed reload, in  1.246 seconds
Platform modules already initialized, skipping
Refreshing native plugins compatible for Editor in 0.40 ms, found 2 plugins.
Preloading 0 native plugins for Editor in 0.00 ms.
Unloading 1503 Unused Serialized files (Serialized files now loaded: 0)
System memory in use before: 85.4 MB.
System memory in use after: 85.1 MB.

Unloading 16 unused Assets to reduce memory usage. Loaded Objects now: 2051.
Total: 2.534200 ms (FindLiveObjects: 0.200200 ms CreateObjectMapping: 0.036900 ms MarkObjects: 1.849000 ms  DeleteObjects: 0.446600 ms)

========================================================================
Received Prepare
Registering precompiled user dll's ...
Registered in 0.006825 seconds.
Begin MonoManager ReloadAssembly
Native extension for WindowsStandalone target not found
Native extension for WebGL target not found
Refreshing native plugins compatible for Editor in 0.46 ms, found 2 plugins.
Preloading 0 native plugins for Editor in 0.00 ms.
Mono: successfully reloaded assembly
- Completed reload, in  2.442 seconds
Platform modules already initialized, skipping
Refreshing native plugins compatible for Editor in 0.81 ms, found 2 plugins.
Preloading 0 native plugins for Editor in 0.00 ms.
Unloading 1503 Unused Serialized files (Serialized files now loaded: 0)
System memory in use before: 85.4 MB.
System memory in use after: 85.1 MB.

Unloading 16 unused Assets to reduce memory usage. Loaded Objects now: 2054.
Total: 3.076900 ms (FindLiveObjects: 0.211900 ms CreateObjectMapping: 0.039500 ms MarkObjects: 2.256300 ms  DeleteObjects: 0.567300 ms)

========================================================================
Received Prepare
Refreshing native plugins compatible for Editor in 3.65 ms, found 2 plugins.
Preloading 0 native plugins for Editor in 0.00 ms.
Unloading 14 Unused Serialized files (Serialized files now loaded: 0)
System memory in use before: 55.9 MB.
System memory in use after: 55.6 MB.

Unloading 14 unused Assets to reduce memory usage. Loaded Objects now: 2054.
Total: 2.472600 ms (FindLiveObjects: 0.177600 ms CreateObjectMapping: 0.036000 ms MarkObjects: 1.818500 ms  DeleteObjects: 0.439800 ms)

========================================================================
Received Prepare
Registering precompiled user dll's ...
Registered in 0.008250 seconds.
Begin MonoManager ReloadAssembly
Native extension for WindowsStandalone target not found
Native extension for WebGL target not found
Refreshing native plugins compatible for Editor in 0.43 ms, found 2 plugins.
Preloading 0 native plugins for Editor in 0.00 ms.
Mono: successfully reloaded assembly
- Completed reload, in  1.172 seconds
Platform modules already initialized, skipping
Refreshing native plugins compatible for Editor in 0.40 ms, found 2 plugins.
Preloading 0 native plugins for Editor in 0.00 ms.
Unloading 1503 Unused Serialized files (Serialized files now loaded: 0)
System memory in use before: 85.4 MB.
System memory in use after: 85.1 MB.

Unloading 16 unused Assets to reduce memory usage. Loaded Objects now: 2057.
Total: 2.457600 ms (FindLiveObjects: 0.190000 ms CreateObjectMapping: 0.036300 ms MarkObjects: 1.793300 ms  DeleteObjects: 0.436800 ms)

========================================================================
Received Prepare
Refreshing native plugins compatible for Editor in 8.11 ms, found 2 plugins.
Preloading 0 native plugins for Editor in 0.00 ms.
Unloading 14 Unused Serialized files (Serialized files now loaded: 0)
System memory in use before: 55.9 MB.
System memory in use after: 55.6 MB.

Unloading 14 unused Assets to reduce memory usage. Loaded Objects now: 2057.
Total: 3.265800 ms (FindLiveObjects: 0.213800 ms CreateObjectMapping: 0.067100 ms MarkObjects: 2.456500 ms  DeleteObjects: 0.526700 ms)

========================================================================
Received Prepare
Registering precompiled user dll's ...
Registered in 0.006322 seconds.
Begin MonoManager ReloadAssembly
Native extension for WindowsStandalone target not found
Native extension for WebGL target not found
Refreshing native plugins compatible for Editor in 0.46 ms, found 2 plugins.
Preloading 0 native plugins for Editor in 0.00 ms.
Mono: successfully reloaded assembly
- Completed reload, in  1.662 seconds
Platform modules already initialized, skipping
Refreshing native plugins compatible for Editor in 1.50 ms, found 2 plugins.
Preloading 0 native plugins for Editor in 0.00 ms.
Unloading 1503 Unused Serialized files (Serialized files now loaded: 0)
System memory in use before: 85.4 MB.
System memory in use after: 85.1 MB.

Unloading 16 unused Assets to reduce memory usage. Loaded Objects now: 2060.
Total: 8.366900 ms (FindLiveObjects: 0.214000 ms CreateObjectMapping: 0.127900 ms MarkObjects: 7.083200 ms  DeleteObjects: 0.939300 ms)

========================================================================
Received Prepare
Registering precompiled user dll's ...
Registered in 0.005909 seconds.
Begin MonoManager ReloadAssembly
Native extension for WindowsStandalone target not found
Native extension for WebGL target not found
Refreshing native plugins compatible for Editor in 0.42 ms, found 2 plugins.
Preloading 0 native plugins for Editor in 0.00 ms.
Mono: successfully reloaded assembly
- Completed reload, in  1.289 seconds
Platform modules already initialized, skipping
Refreshing native plugins compatible for Editor in 0.40 ms, found 2 plugins.
Preloading 0 native plugins for Editor in 0.00 ms.
Unloading 1503 Unused Serialized files (Serialized files now loaded: 0)
System memory in use before: 85.4 MB.
System memory in use after: 85.1 MB.

Unloading 16 unused Assets to reduce memory usage. Loaded Objects now: 2063.
Total: 2.408800 ms (FindLiveObjects: 0.206900 ms CreateObjectMapping: 0.043600 ms MarkObjects: 1.740200 ms  DeleteObjects: 0.416600 ms)

========================================================================
Received Prepare
Registering precompiled user dll's ...
Registered in 0.005995 seconds.
Begin MonoManager ReloadAssembly
Native extension for WindowsStandalone target not found
Native extension for WebGL target not found
Refreshing native plugins compatible for Editor in 0.41 ms, found 2 plugins.
Preloading 0 native plugins for Editor in 0.00 ms.
Mono: successfully reloaded assembly
- Completed reload, in  1.301 seconds
Platform modules already initialized, skipping
Refreshing native plugins compatible for Editor in 0.49 ms, found 2 plugins.
Preloading 0 native plugins for Editor in 0.00 ms.
Unloading 1503 Unused Serialized files (Serialized files now loaded: 0)
System memory in use before: 85.4 MB.
System memory in use after: 85.1 MB.

Unloading 16 unused Assets to reduce memory usage. Loaded Objects now: 2066.
Total: 3.573100 ms (FindLiveObjects: 0.183700 ms CreateObjectMapping: 0.035700 ms MarkObjects: 2.703600 ms  DeleteObjects: 0.648600 ms)

========================================================================
Received Prepare
Registering precompiled user dll's ...
Registered in 0.005903 seconds.
Begin MonoManager ReloadAssembly
Native extension for WindowsStandalone target not found
Native extension for WebGL target not found
Refreshing native plugins compatible for Editor in 0.41 ms, found 2 plugins.
Preloading 0 native plugins for Editor in 0.00 ms.
Mono: successfully reloaded assembly
- Completed reload, in  1.202 seconds
Platform modules already initialized, skipping
Refreshing native plugins compatible for Editor in 0.40 ms, found 2 plugins.
Preloading 0 native plugins for Editor in 0.00 ms.
Unloading 1503 Unused Serialized files (Serialized files now loaded: 0)
System memory in use before: 85.4 MB.
System memory in use after: 85.1 MB.

Unloading 16 unused Assets to reduce memory usage. Loaded Objects now: 2069.
Total: 2.513400 ms (FindLiveObjects: 0.188500 ms CreateObjectMapping: 0.036200 ms MarkObjects: 1.864100 ms  DeleteObjects: 0.423500 ms)

========================================================================
Received Import Request.
  Time since last request: 1994.467082 seconds.
  path: Assets/Scenes/Fase2.unity
  artifactKey: Guid(0b8dfcd3cb9654743bd4eed8b2614451) Importer(815301076,1909f56bfc062723c751e8b465ee728b)
Start importing Assets/Scenes/Fase2.unity using Guid(0b8dfcd3cb9654743bd4eed8b2614451) Importer(815301076,1909f56bfc062723c751e8b465ee728b)  -> (artifact id: '7bfb55b9af268cab1547096883ff3f8d') in 0.025287 seconds
  Import took 0.030759 seconds .

========================================================================
Received Prepare
Registering precompiled user dll's ...
Registered in 0.005463 seconds.
Begin MonoManager ReloadAssembly
Native extension for WindowsStandalone target not found
Native extension for WebGL target not found
Refreshing native plugins compatible for Editor in 2.74 ms, found 2 plugins.
Preloading 0 native plugins for Editor in 0.00 ms.
Mono: successfully reloaded assembly
- Completed reload, in  1.653 seconds
Platform modules already initialized, skipping
Refreshing native plugins compatible for Editor in 0.42 ms, found 2 plugins.
Preloading 0 native plugins for Editor in 0.00 ms.
Unloading 1503 Unused Serialized files (Serialized files now loaded: 0)
System memory in use before: 85.5 MB.
System memory in use after: 85.1 MB.

Unloading 16 unused Assets to reduce memory usage. Loaded Objects now: 2072.
Total: 4.257400 ms (FindLiveObjects: 0.217700 ms CreateObjectMapping: 0.050000 ms MarkObjects: 3.537400 ms  DeleteObjects: 0.450600 ms)

========================================================================
Received Prepare
Registering precompiled user dll's ...
Registered in 0.005017 seconds.
Begin MonoManager ReloadAssembly
Native extension for WindowsStandalone target not found
Native extension for WebGL target not found
Refreshing native plugins compatible for Editor in 0.50 ms, found 2 plugins.
Preloading 0 native plugins for Editor in 0.00 ms.
Mono: successfully reloaded assembly
- Completed reload, in  1.211 seconds
Platform modules already initialized, skipping
Refreshing native plugins compatible for Editor in 0.40 ms, found 2 plugins.
Preloading 0 native plugins for Editor in 0.00 ms.
Unloading 1503 Unused Serialized files (Serialized files now loaded: 0)
System memory in use before: 85.4 MB.
System memory in use after: 85.1 MB.

Unloading 16 unused Assets to reduce memory usage. Loaded Objects now: 2075.
Total: 2.599600 ms (FindLiveObjects: 0.187100 ms CreateObjectMapping: 0.035900 ms MarkObjects: 1.950500 ms  DeleteObjects: 0.424900 ms)

========================================================================
Received Prepare
Registering precompiled user dll's ...
Registered in 0.006635 seconds.
Begin MonoManager ReloadAssembly
Native extension for WindowsStandalone target not found
Native extension for WebGL target not found
Refreshing native plugins compatible for Editor in 0.44 ms, found 2 plugins.
Preloading 0 native plugins for Editor in 0.00 ms.
Mono: successfully reloaded assembly
- Completed reload, in  1.192 seconds
Platform modules already initialized, skipping
Refreshing native plugins compatible for Editor in 0.40 ms, found 2 plugins.
Preloading 0 native plugins for Editor in 0.00 ms.
Unloading 1503 Unused Serialized files (Serialized files now loaded: 0)
System memory in use before: 85.4 MB.
System memory in use after: 85.2 MB.

Unloading 16 unused Assets to reduce memory usage. Loaded Objects now: 2078.
Total: 2.404700 ms (FindLiveObjects: 0.186600 ms CreateObjectMapping: 0.036700 ms MarkObjects: 1.767100 ms  DeleteObjects: 0.413000 ms)

========================================================================
Received Prepare
Registering precompiled user dll's ...
Registered in 0.006823 seconds.
Begin MonoManager ReloadAssembly
Native extension for WindowsStandalone target not found
Native extension for WebGL target not found
Refreshing native plugins compatible for Editor in 0.41 ms, found 2 plugins.
Preloading 0 native plugins for Editor in 0.00 ms.
Mono: successfully reloaded assembly
- Completed reload, in  1.186 seconds
Platform modules already initialized, skipping
Refreshing native plugins compatible for Editor in 0.40 ms, found 2 plugins.
Preloading 0 native plugins for Editor in 0.00 ms.
Unloading 1503 Unused Serialized files (Serialized files now loaded: 0)
System memory in use before: 85.4 MB.
System memory in use after: 85.2 MB.

Unloading 16 unused Assets to reduce memory usage. Loaded Objects now: 2081.
Total: 2.691300 ms (FindLiveObjects: 0.200200 ms CreateObjectMapping: 0.043800 ms MarkObjects: 1.985100 ms  DeleteObjects: 0.460800 ms)

========================================================================
Received Prepare
Registering precompiled user dll's ...
Registered in 0.007239 seconds.
Begin MonoManager ReloadAssembly
Native extension for WindowsStandalone target not found
Native extension for WebGL target not found
Refreshing native plugins compatible for Editor in 0.40 ms, found 2 plugins.
Preloading 0 native plugins for Editor in 0.00 ms.
Mono: successfully reloaded assembly
- Completed reload, in  1.193 seconds
Platform modules already initialized, skipping
Refreshing native plugins compatible for Editor in 0.44 ms, found 2 plugins.
Preloading 0 native plugins for Editor in 0.00 ms.
Unloading 1503 Unused Serialized files (Serialized files now loaded: 0)
System memory in use before: 85.4 MB.
System memory in use after: 85.2 MB.

Unloading 16 unused Assets to reduce memory usage. Loaded Objects now: 2084.
Total: 2.763000 ms (FindLiveObjects: 0.254600 ms CreateObjectMapping: 0.051300 ms MarkObjects: 2.017100 ms  DeleteObjects: 0.438200 ms)

========================================================================
Received Prepare
Registering precompiled user dll's ...
Registered in 0.004935 seconds.
Begin MonoManager ReloadAssembly
Native extension for WindowsStandalone target not found
Native extension for WebGL target not found
Refreshing native plugins compatible for Editor in 0.73 ms, found 2 plugins.
Preloading 0 native plugins for Editor in 0.00 ms.
Mono: successfully reloaded assembly
- Completed reload, in  2.558 seconds
Platform modules already initialized, skipping
Refreshing native plugins compatible for Editor in 0.85 ms, found 2 plugins.
Preloading 0 native plugins for Editor in 0.00 ms.
Unloading 1503 Unused Serialized files (Serialized files now loaded: 0)
System memory in use before: 85.5 MB.
System memory in use after: 85.2 MB.

Unloading 16 unused Assets to reduce memory usage. Loaded Objects now: 2087.
Total: 4.953400 ms (FindLiveObjects: 0.382600 ms CreateObjectMapping: 0.054200 ms MarkObjects: 3.914200 ms  DeleteObjects: 0.600300 ms)

========================================================================
Received Prepare
Registering precompiled user dll's ...
Registered in 0.119767 seconds.
Begin MonoManager ReloadAssembly
Native extension for WindowsStandalone target not found
Native extension for WebGL target not found
Refreshing native plugins compatible for Editor in 0.42 ms, found 2 plugins.
Preloading 0 native plugins for Editor in 0.00 ms.
Mono: successfully reloaded assembly
- Completed reload, in  1.509 seconds
Platform modules already initialized, skipping
Refreshing native plugins compatible for Editor in 0.81 ms, found 2 plugins.
Preloading 0 native plugins for Editor in 0.00 ms.
Unloading 1503 Unused Serialized files (Serialized files now loaded: 0)
System memory in use before: 85.4 MB.
System memory in use after: 85.2 MB.

Unloading 16 unused Assets to reduce memory usage. Loaded Objects now: 2090.
Total: 4.901400 ms (FindLiveObjects: 0.414000 ms CreateObjectMapping: 0.076000 ms MarkObjects: 3.677800 ms  DeleteObjects: 0.729700 ms)

========================================================================
Received Prepare
Registering precompiled user dll's ...
Registered in 0.004864 seconds.
Begin MonoManager ReloadAssembly
Native extension for WindowsStandalone target not found
Native extension for WebGL target not found
Refreshing native plugins compatible for Editor in 0.45 ms, found 2 plugins.
Preloading 0 native plugins for Editor in 0.00 ms.
Mono: successfully reloaded assembly
- Completed reload, in  1.289 seconds
Platform modules already initialized, skipping
Refreshing native plugins compatible for Editor in 0.40 ms, found 2 plugins.
Preloading 0 native plugins for Editor in 0.00 ms.
Unloading 1503 Unused Serialized files (Serialized files now loaded: 0)
System memory in use before: 85.4 MB.
System memory in use after: 85.2 MB.

Unloading 16 unused Assets to reduce memory usage. Loaded Objects now: 2093.
Total: 2.423300 ms (FindLiveObjects: 0.190300 ms CreateObjectMapping: 0.037800 ms MarkObjects: 1.780000 ms  DeleteObjects: 0.413700 ms)

========================================================================
Received Prepare
Registering precompiled user dll's ...
Registered in 0.007357 seconds.
Begin MonoManager ReloadAssembly
Native extension for WindowsStandalone target not found
Native extension for WebGL target not found
Refreshing native plugins compatible for Editor in 0.49 ms, found 2 plugins.
Preloading 0 native plugins for Editor in 0.00 ms.
Mono: successfully reloaded assembly
- Completed reload, in  1.241 seconds
Platform modules already initialized, skipping
Refreshing native plugins compatible for Editor in 0.47 ms, found 2 plugins.
Preloading 0 native plugins for Editor in 0.00 ms.
Unloading 1503 Unused Serialized files (Serialized files now loaded: 0)
System memory in use before: 85.5 MB.
System memory in use after: 85.2 MB.

Unloading 16 unused Assets to reduce memory usage. Loaded Objects now: 2096.
Total: 2.461400 ms (FindLiveObjects: 0.229800 ms CreateObjectMapping: 0.057100 ms MarkObjects: 1.745400 ms  DeleteObjects: 0.427900 ms)

========================================================================
Received Prepare
Registering precompiled user dll's ...
Registered in 0.007869 seconds.
Begin MonoManager ReloadAssembly
Native extension for WindowsStandalone target not found
Native extension for WebGL target not found
Refreshing native plugins compatible for Editor in 0.48 ms, found 2 plugins.
Preloading 0 native plugins for Editor in 0.00 ms.
Mono: successfully reloaded assembly
- Completed reload, in  1.228 seconds
Platform modules already initialized, skipping
Refreshing native plugins compatible for Editor in 0.40 ms, found 2 plugins.
Preloading 0 native plugins for Editor in 0.00 ms.
Unloading 1503 Unused Serialized files (Serialized files now loaded: 0)
System memory in use before: 85.5 MB.
System memory in use after: 85.2 MB.

Unloading 16 unused Assets to reduce memory usage. Loaded Objects now: 2099.
Total: 2.427800 ms (FindLiveObjects: 0.194400 ms CreateObjectMapping: 0.036300 ms MarkObjects: 1.774700 ms  DeleteObjects: 0.421100 ms)

========================================================================
Received Prepare
Registering precompiled user dll's ...
Registered in 0.008722 seconds.
Begin MonoManager ReloadAssembly
Native extension for WindowsStandalone target not found
Native extension for WebGL target not found
Refreshing native plugins compatible for Editor in 0.84 ms, found 2 plugins.
Preloading 0 native plugins for Editor in 0.00 ms.
Mono: successfully reloaded assembly
- Completed reload, in  1.307 seconds
Platform modules already initialized, skipping
Refreshing native plugins compatible for Editor in 0.40 ms, found 2 plugins.
Preloading 0 native plugins for Editor in 0.00 ms.
Unloading 1503 Unused Serialized files (Serialized files now loaded: 0)
System memory in use before: 85.5 MB.
System memory in use after: 85.2 MB.

Unloading 16 unused Assets to reduce memory usage. Loaded Objects now: 2102.
Total: 2.641400 ms (FindLiveObjects: 0.202200 ms CreateObjectMapping: 0.040200 ms MarkObjects: 1.957400 ms  DeleteObjects: 0.440000 ms)

========================================================================
Received Prepare
Refreshing native plugins compatible for Editor in 5.22 ms, found 2 plugins.
Preloading 0 native plugins for Editor in 0.00 ms.
Unloading 14 Unused Serialized files (Serialized files now loaded: 0)
System memory in use before: 56.0 MB.
System memory in use after: 55.7 MB.

Unloading 14 unused Assets to reduce memory usage. Loaded Objects now: 2102.
Total: 3.150200 ms (FindLiveObjects: 0.220700 ms CreateObjectMapping: 0.044000 ms MarkObjects: 2.402400 ms  DeleteObjects: 0.481500 ms)

AssetImportWorkerClient::OnTransportError - code=2 error=End of file
